This file contains any messages produced by compilers while
running configure, to aid debugging if configure makes a mistake.

It was created by synminer configure 0.5.4pre2, which was
generated by GNU Autoconf 2.68.  Invocation command line was

  $ ./configure --enable-scrypt --enable-opencl

## --------- ##
## Platform. ##
## --------- ##

hostname = synthase-lap
uname -m = x86_64
uname -r = 3.11.0-15-generic
uname -s = Linux
uname -v = #25~precise1-Ubuntu SMP Thu Jan 30 17:39:31 UTC 2014

/usr/bin/uname -p = unknown
/bin/uname -X     = unknown

/bin/arch              = unknown
/usr/bin/arch -k       = unknown
/usr/convex/getsysinfo = unknown
/usr/bin/hostinfo      = unknown
/bin/machine           = unknown
/usr/bin/oslevel       = unknown
/bin/universe          = unknown

PATH: /usr/lib/lightdm/lightdm
PATH: /usr/local/sbin
PATH: /usr/local/bin
PATH: /usr/sbin
PATH: /usr/bin
PATH: /sbin
PATH: /bin
PATH: /usr/games


## ----------- ##
## Core tests. ##
## ----------- ##

configure:2812: checking build system type
configure:2826: result: x86_64-unknown-linux-gnu
configure:2846: checking host system type
configure:2859: result: x86_64-unknown-linux-gnu
configure:2879: checking target system type
configure:2892: result: x86_64-unknown-linux-gnu
configure:2940: checking for a BSD-compatible install
configure:3008: result: /usr/bin/install -c
configure:3019: checking whether build environment is sane
configure:3069: result: yes
configure:3210: checking for a thread-safe mkdir -p
configure:3249: result: /bin/mkdir -p
configure:3263: checking for gawk
configure:3293: result: no
configure:3263: checking for mawk
configure:3279: found /usr/bin/mawk
configure:3290: result: mawk
configure:3301: checking whether make sets $(MAKE)
configure:3323: result: yes
configure:3414: checking whether make supports nested variables
configure:3431: result: yes
configure:3454: checking for style of include used by make
configure:3482: result: GNU
configure:3553: checking for gcc
configure:3569: found /usr/bin/gcc
configure:3580: result: gcc
configure:3809: checking for C compiler version
configure:3818: gcc --version >&5
gcc (Ubuntu/Linaro 4.6.3-1ubuntu5) 4.6.3
Copyright (C) 2011 Free Software Foundation, Inc.
This is free software; see the source for copying conditions.  There is NO
warranty; not even for MERCHANTABILITY or FITNESS FOR A PARTICULAR PURPOSE.

configure:3829: $? = 0
configure:3818: gcc -v >&5
Using built-in specs.
COLLECT_GCC=gcc
COLLECT_LTO_WRAPPER=/usr/lib/gcc/x86_64-linux-gnu/4.6/lto-wrapper
Target: x86_64-linux-gnu
Configured with: ../src/configure -v --with-pkgversion='Ubuntu/Linaro 4.6.3-1ubuntu5' --with-bugurl=file:///usr/share/doc/gcc-4.6/README.Bugs --enable-languages=c,c++,fortran,objc,obj-c++ --prefix=/usr --program-suffix=-4.6 --enable-shared --enable-linker-build-id --with-system-zlib --libexecdir=/usr/lib --without-included-gettext --enable-threads=posix --with-gxx-include-dir=/usr/include/c++/4.6 --libdir=/usr/lib --enable-nls --with-sysroot=/ --enable-clocale=gnu --enable-libstdcxx-debug --enable-libstdcxx-time=yes --enable-gnu-unique-object --enable-plugin --enable-objc-gc --disable-werror --with-arch-32=i686 --with-tune=generic --enable-checking=release --build=x86_64-linux-gnu --host=x86_64-linux-gnu --target=x86_64-linux-gnu
Thread model: posix
gcc version 4.6.3 (Ubuntu/Linaro 4.6.3-1ubuntu5) 
configure:3829: $? = 0
configure:3818: gcc -V >&5
gcc: error: unrecognized option '-V'
gcc: fatal error: no input files
compilation terminated.
configure:3829: $? = 4
configure:3818: gcc -qversion >&5
gcc: error: unrecognized option '-qversion'
gcc: fatal error: no input files
compilation terminated.
configure:3829: $? = 4
configure:3849: checking whether the C compiler works
configure:3871: gcc -O2 -march=native -msse2   conftest.c  >&5
configure:3875: $? = 0
configure:3923: result: yes
configure:3926: checking for C compiler default output file name
configure:3928: result: a.out
configure:3934: checking for suffix of executables
configure:3941: gcc -o conftest -O2 -march=native -msse2   conftest.c  >&5
configure:3945: $? = 0
configure:3967: result: 
configure:3989: checking whether we are cross compiling
configure:3997: gcc -o conftest -O2 -march=native -msse2   conftest.c  >&5
configure:4001: $? = 0
configure:4008: ./conftest
configure:4012: $? = 0
configure:4027: result: no
configure:4032: checking for suffix of object files
configure:4054: gcc -c -O2 -march=native -msse2  conftest.c >&5
configure:4058: $? = 0
configure:4079: result: o
configure:4083: checking whether we are using the GNU C compiler
configure:4102: gcc -c -O2 -march=native -msse2  conftest.c >&5
configure:4102: $? = 0
configure:4111: result: yes
configure:4120: checking whether gcc accepts -g
configure:4140: gcc -c -g  conftest.c >&5
configure:4140: $? = 0
configure:4181: result: yes
configure:4198: checking for gcc option to accept ISO C89
configure:4262: gcc  -c -O2 -march=native -msse2  conftest.c >&5
configure:4262: $? = 0
configure:4275: result: none needed
configure:4297: checking dependency style of gcc
configure:4408: result: gcc3
configure:4429: checking how to run the C preprocessor
configure:4460: gcc -E  conftest.c
configure:4460: $? = 0
configure:4474: gcc -E  conftest.c
conftest.c:11:28: fatal error: ac_nonexistent.h: No such file or directory
compilation terminated.
configure:4474: $? = 1
configure: failed program was:
| /* confdefs.h */
| #define PACKAGE_NAME "synminer"
| #define PACKAGE_TARNAME "synminer"
| #define PACKAGE_VERSION "0.5.4pre2"
| #define PACKAGE_STRING "synminer 0.5.4pre2"
| #define PACKAGE_BUGREPORT ""
| #define PACKAGE_URL ""
| #define PACKAGE "synminer"
| #define VERSION "0.5.4pre2"
| /* end confdefs.h.  */
| #include <ac_nonexistent.h>
configure:4499: result: gcc -E
configure:4519: gcc -E  conftest.c
configure:4519: $? = 0
configure:4533: gcc -E  conftest.c
conftest.c:11:28: fatal error: ac_nonexistent.h: No such file or directory
compilation terminated.
configure:4533: $? = 1
configure: failed program was:
| /* confdefs.h */
| #define PACKAGE_NAME "synminer"
| #define PACKAGE_TARNAME "synminer"
| #define PACKAGE_VERSION "0.5.4pre2"
| #define PACKAGE_STRING "synminer 0.5.4pre2"
| #define PACKAGE_BUGREPORT ""
| #define PACKAGE_URL ""
| #define PACKAGE "synminer"
| #define VERSION "0.5.4pre2"
| /* end confdefs.h.  */
| #include <ac_nonexistent.h>
configure:4562: checking for grep that handles long lines and -e
configure:4620: result: /bin/grep
configure:4625: checking for egrep
configure:4687: result: /bin/grep -E
configure:4692: checking for ANSI C header files
configure:4712: gcc -c -O2 -march=native -msse2  conftest.c >&5
configure:4712: $? = 0
configure:4785: gcc -o conftest -O2 -march=native -msse2   conftest.c  >&5
configure:4785: $? = 0
configure:4785: ./conftest
configure:4785: $? = 0
configure:4796: result: yes
configure:4809: checking for sys/types.h
configure:4809: gcc -c -O2 -march=native -msse2  conftest.c >&5
configure:4809: $? = 0
configure:4809: result: yes
configure:4809: checking for sys/stat.h
configure:4809: gcc -c -O2 -march=native -msse2  conftest.c >&5
configure:4809: $? = 0
configure:4809: result: yes
configure:4809: checking for stdlib.h
configure:4809: gcc -c -O2 -march=native -msse2  conftest.c >&5
configure:4809: $? = 0
configure:4809: result: yes
configure:4809: checking for string.h
configure:4809: gcc -c -O2 -march=native -msse2  conftest.c >&5
configure:4809: $? = 0
configure:4809: result: yes
configure:4809: checking for memory.h
configure:4809: gcc -c -O2 -march=native -msse2  conftest.c >&5
configure:4809: $? = 0
configure:4809: result: yes
configure:4809: checking for strings.h
configure:4809: gcc -c -O2 -march=native -msse2  conftest.c >&5
configure:4809: $? = 0
configure:4809: result: yes
configure:4809: checking for inttypes.h
configure:4809: gcc -c -O2 -march=native -msse2  conftest.c >&5
configure:4809: $? = 0
configure:4809: result: yes
configure:4809: checking for stdint.h
configure:4809: gcc -c -O2 -march=native -msse2  conftest.c >&5
configure:4809: $? = 0
configure:4809: result: yes
configure:4809: checking for unistd.h
configure:4809: gcc -c -O2 -march=native -msse2  conftest.c >&5
configure:4809: $? = 0
configure:4809: result: yes
configure:4824: checking minix/config.h usability
configure:4824: gcc -c -O2 -march=native -msse2  conftest.c >&5
conftest.c:54:26: fatal error: minix/config.h: No such file or directory
compilation terminated.
configure:4824: $? = 1
configure: failed program was:
| /* confdefs.h */
| #define PACKAGE_NAME "synminer"
| #define PACKAGE_TARNAME "synminer"
| #define PACKAGE_VERSION "0.5.4pre2"
| #define PACKAGE_STRING "synminer 0.5.4pre2"
| #define PACKAGE_BUGREPORT ""
| #define PACKAGE_URL ""
| #define PACKAGE "synminer"
| #define VERSION "0.5.4pre2"
| #define STDC_HEADERS 1
| #define HAVE_SYS_TYPES_H 1
| #define HAVE_SYS_STAT_H 1
| #define HAVE_STDLIB_H 1
| #define HAVE_STRING_H 1
| #define HAVE_MEMORY_H 1
| #define HAVE_STRINGS_H 1
| #define HAVE_INTTYPES_H 1
| #define HAVE_STDINT_H 1
| #define HAVE_UNISTD_H 1
| /* end confdefs.h.  */
| #include <stdio.h>
| #ifdef HAVE_SYS_TYPES_H
| # include <sys/types.h>
| #endif
| #ifdef HAVE_SYS_STAT_H
| # include <sys/stat.h>
| #endif
| #ifdef STDC_HEADERS
| # include <stdlib.h>
| # include <stddef.h>
| #else
| # ifdef HAVE_STDLIB_H
| #  include <stdlib.h>
| # endif
| #endif
| #ifdef HAVE_STRING_H
| # if !defined STDC_HEADERS && defined HAVE_MEMORY_H
| #  include <memory.h>
| # endif
| # include <string.h>
| #endif
| #ifdef HAVE_STRINGS_H
| # include <strings.h>
| #endif
| #ifdef HAVE_INTTYPES_H
| # include <inttypes.h>
| #endif
| #ifdef HAVE_STDINT_H
| # include <stdint.h>
| #endif
| #ifdef HAVE_UNISTD_H
| # include <unistd.h>
| #endif
| #include <minix/config.h>
configure:4824: result: no
configure:4824: checking minix/config.h presence
configure:4824: gcc -E  conftest.c
conftest.c:21:26: fatal error: minix/config.h: No such file or directory
compilation terminated.
configure:4824: $? = 1
configure: failed program was:
| /* confdefs.h */
| #define PACKAGE_NAME "synminer"
| #define PACKAGE_TARNAME "synminer"
| #define PACKAGE_VERSION "0.5.4pre2"
| #define PACKAGE_STRING "synminer 0.5.4pre2"
| #define PACKAGE_BUGREPORT ""
| #define PACKAGE_URL ""
| #define PACKAGE "synminer"
| #define VERSION "0.5.4pre2"
| #define STDC_HEADERS 1
| #define HAVE_SYS_TYPES_H 1
| #define HAVE_SYS_STAT_H 1
| #define HAVE_STDLIB_H 1
| #define HAVE_STRING_H 1
| #define HAVE_MEMORY_H 1
| #define HAVE_STRINGS_H 1
| #define HAVE_INTTYPES_H 1
| #define HAVE_STDINT_H 1
| #define HAVE_UNISTD_H 1
| /* end confdefs.h.  */
| #include <minix/config.h>
configure:4824: result: no
configure:4824: checking for minix/config.h
configure:4824: result: no
configure:4853: checking whether it is safe to define __EXTENSIONS__
configure:4871: gcc -c -O2 -march=native -msse2  conftest.c >&5
configure:4871: $? = 0
configure:4878: result: yes
configure:4925: checking whether to enable maintainer-specific portions of Makefiles
configure:4934: result: no
configure:4996: checking for gcc
configure:5023: result: gcc
configure:5252: checking for C compiler version
configure:5261: gcc --version >&5
gcc (Ubuntu/Linaro 4.6.3-1ubuntu5) 4.6.3
Copyright (C) 2011 Free Software Foundation, Inc.
This is free software; see the source for copying conditions.  There is NO
warranty; not even for MERCHANTABILITY or FITNESS FOR A PARTICULAR PURPOSE.

configure:5272: $? = 0
configure:5261: gcc -v >&5
Using built-in specs.
COLLECT_GCC=gcc
COLLECT_LTO_WRAPPER=/usr/lib/gcc/x86_64-linux-gnu/4.6/lto-wrapper
Target: x86_64-linux-gnu
Configured with: ../src/configure -v --with-pkgversion='Ubuntu/Linaro 4.6.3-1ubuntu5' --with-bugurl=file:///usr/share/doc/gcc-4.6/README.Bugs --enable-languages=c,c++,fortran,objc,obj-c++ --prefix=/usr --program-suffix=-4.6 --enable-shared --enable-linker-build-id --with-system-zlib --libexecdir=/usr/lib --without-included-gettext --enable-threads=posix --with-gxx-include-dir=/usr/include/c++/4.6 --libdir=/usr/lib --enable-nls --with-sysroot=/ --enable-clocale=gnu --enable-libstdcxx-debug --enable-libstdcxx-time=yes --enable-gnu-unique-object --enable-plugin --enable-objc-gc --disable-werror --with-arch-32=i686 --with-tune=generic --enable-checking=release --build=x86_64-linux-gnu --host=x86_64-linux-gnu --target=x86_64-linux-gnu
Thread model: posix
gcc version 4.6.3 (Ubuntu/Linaro 4.6.3-1ubuntu5) 
configure:5272: $? = 0
configure:5261: gcc -V >&5
gcc: error: unrecognized option '-V'
gcc: fatal error: no input files
compilation terminated.
configure:5272: $? = 4
configure:5261: gcc -qversion >&5
gcc: error: unrecognized option '-qversion'
gcc: fatal error: no input files
compilation terminated.
configure:5272: $? = 4
configure:5276: checking whether we are using the GNU C compiler
configure:5304: result: yes
configure:5313: checking whether gcc accepts -g
configure:5374: result: yes
configure:5391: checking for gcc option to accept ISO C89
configure:5468: result: none needed
configure:5490: checking dependency style of gcc
configure:5601: result: gcc3
configure:5659: checking for ranlib
configure:5675: found /usr/bin/ranlib
configure:5686: result: ranlib
configure:5734: checking whether gcc needs -traditional
configure:5768: result: no
configure:5776: checking whether gcc and cc understand -c and -o together
configure:5807: gcc -c conftest.c -o conftest2.o >&5
configure:5811: $? = 0
configure:5817: gcc -c conftest.c -o conftest2.o >&5
configure:5821: $? = 0
configure:5832: cc -c conftest.c >&5
configure:5836: $? = 0
configure:5844: cc -c conftest.c -o conftest2.o >&5
configure:5848: $? = 0
configure:5854: cc -c conftest.c -o conftest2.o >&5
configure:5858: $? = 0
configure:5876: result: yes
configure:5947: checking how to print strings
configure:5974: result: printf
configure:5995: checking for a sed that does not truncate output
configure:6059: result: /bin/sed
configure:6077: checking for fgrep
configure:6139: result: /bin/grep -F
configure:6174: checking for ld used by gcc
configure:6241: result: /usr/bin/ld
configure:6248: checking if the linker (/usr/bin/ld) is GNU ld
configure:6263: result: yes
configure:6275: checking for BSD- or MS-compatible name lister (nm)
configure:6324: result: /usr/bin/nm -B
configure:6454: checking the name lister (/usr/bin/nm -B) interface
configure:6461: gcc -c -O2 -march=native -msse2  conftest.c >&5
configure:6464: /usr/bin/nm -B "conftest.o"
configure:6467: output
0000000000000000 B some_variable
configure:6474: result: BSD nm
configure:6477: checking whether ln -s works
configure:6481: result: yes
configure:6489: checking the maximum length of command line arguments
configure:6619: result: 1572864
configure:6636: checking whether the shell understands some XSI constructs
configure:6646: result: yes
configure:6650: checking whether the shell understands "+="
configure:6656: result: yes
configure:6691: checking how to convert x86_64-unknown-linux-gnu file names to x86_64-unknown-linux-gnu format
configure:6731: result: func_convert_file_noop
configure:6738: checking how to convert x86_64-unknown-linux-gnu file names to toolchain format
configure:6758: result: func_convert_file_noop
configure:6765: checking for /usr/bin/ld option to reload object files
configure:6772: result: -r
configure:6846: checking for objdump
configure:6862: found /usr/bin/objdump
configure:6873: result: objdump
configure:6905: checking how to recognize dependent libraries
configure:7107: result: pass_all
configure:7192: checking for dlltool
configure:7222: result: no
configure:7252: checking how to associate runtime and link libraries
configure:7279: result: printf %s\n
configure:7339: checking for ar
configure:7355: found /usr/bin/ar
configure:7366: result: ar
configure:7403: checking for archiver @FILE support
configure:7420: gcc -c -O2 -march=native -msse2  conftest.c >&5
configure:7420: $? = 0
configure:7423: ar cru libconftest.a @conftest.lst >&5
configure:7426: $? = 0
configure:7431: ar cru libconftest.a @conftest.lst >&5
ar: conftest.o: No such file or directory
configure:7434: $? = 1
configure:7446: result: @
configure:7504: checking for strip
configure:7520: found /usr/bin/strip
configure:7531: result: strip
configure:7603: checking for ranlib
configure:7630: result: ranlib
configure:7732: checking command to parse /usr/bin/nm -B output from gcc object
configure:7852: gcc -c -O2 -march=native -msse2  conftest.c >&5
configure:7855: $? = 0
configure:7859: /usr/bin/nm -B conftest.o \| sed -n -e 's/^.*[ ]\([ABCDGIRSTW][ABCDGIRSTW]*\)[ ][ ]*\([_A-Za-z][_A-Za-z0-9]*\)$/\1 \2 \2/p' | sed '/ __gnu_lto/d' \> conftest.nm
configure:7862: $? = 0
configure:7928: gcc -o conftest -O2 -march=native -msse2   conftest.c conftstm.o >&5
configure:7931: $? = 0
configure:7969: result: ok
configure:8006: checking for sysroot
configure:8036: result: no
configure:8113: gcc -c -O2 -march=native -msse2  conftest.c >&5
configure:8116: $? = 0
configure:8292: checking for mt
configure:8308: found /bin/mt
configure:8319: result: mt
configure:8342: checking if mt is a manifest tool
configure:8348: mt '-?'
configure:8356: result: no
configure:8995: checking for dlfcn.h
configure:8995: gcc -c -O2 -march=native -msse2  conftest.c >&5
configure:8995: $? = 0
configure:8995: result: yes
configure:9200: checking for objdir
configure:9215: result: .libs
configure:9486: checking if gcc supports -fno-rtti -fno-exceptions
configure:9504: gcc -c -O2 -march=native -msse2  -fno-rtti -fno-exceptions conftest.c >&5
cc1: warning: command line option '-fno-rtti' is valid for C++/ObjC++ but not for C [enabled by default]
configure:9508: $? = 0
configure:9521: result: no
configure:9848: checking for gcc option to produce PIC
configure:9855: result: -fPIC -DPIC
configure:9863: checking if gcc PIC flag -fPIC -DPIC works
configure:9881: gcc -c -O2 -march=native -msse2  -fPIC -DPIC -DPIC conftest.c >&5
configure:9885: $? = 0
configure:9898: result: yes
configure:9927: checking if gcc static flag -static works
configure:9955: result: yes
configure:9970: checking if gcc supports -c -o file.o
configure:9991: gcc -c -O2 -march=native -msse2  -o out/conftest2.o conftest.c >&5
configure:9995: $? = 0
configure:10017: result: yes
configure:10025: checking if gcc supports -c -o file.o
configure:10072: result: yes
configure:10105: checking whether the gcc linker (/usr/bin/ld -m elf_x86_64) supports shared libraries
configure:11262: result: yes
configure:11502: checking dynamic linker characteristics
configure:12013: gcc -o conftest -O2 -march=native -msse2   -Wl,-rpath -Wl,/foo conftest.c  >&5
configure:12013: $? = 0
configure:12247: result: GNU/Linux ld.so
configure:12354: checking how to hardcode library paths into programs
configure:12379: result: immediate
configure:12919: checking whether stripping libraries is possible
configure:12924: result: yes
configure:12959: checking if libtool supports shared libraries
configure:12961: result: yes
configure:12964: checking whether to build shared libraries
configure:12985: result: no
configure:12988: checking whether to build static libraries
configure:12992: result: yes
configure:13044: checking sys/mman.h usability
configure:13044: gcc -c -O2 -march=native -msse2  conftest.c >&5
configure:13044: $? = 0
configure:13044: result: yes
configure:13044: checking sys/mman.h presence
configure:13044: gcc -E  conftest.c
configure:13044: $? = 0
configure:13044: result: yes
configure:13044: checking for sys/mman.h
configure:13044: result: yes
configure:13044: checking wchar.h usability
configure:13044: gcc -c -O2 -march=native -msse2  conftest.c >&5
configure:13044: $? = 0
configure:13044: result: yes
configure:13044: checking wchar.h presence
configure:13044: gcc -E  conftest.c
configure:13044: $? = 0
configure:13044: result: yes
configure:13044: checking for wchar.h
configure:13044: result: yes
configure:13044: checking for stdint.h
configure:13044: result: yes
configure:13065: checking for mprotect
configure:13065: gcc -o conftest -O2 -march=native -msse2   conftest.c  >&5
configure:13065: $? = 0
configure:13065: result: yes
configure:13065: checking for sigaction
configure:13065: gcc -o conftest -O2 -march=native -msse2   conftest.c  >&5
configure:13065: $? = 0
configure:13065: result: yes
configure:13065: checking for sigaltstack
configure:13065: gcc -o conftest -O2 -march=native -msse2   conftest.c  >&5
configure:13065: $? = 0
configure:13065: result: yes
configure:13065: checking for siginterrupt
configure:13065: gcc -o conftest -O2 -march=native -msse2   conftest.c  >&5
configure:13065: $? = 0
configure:13065: result: yes
configure:13156: checking for mmap
configure:13156: gcc -o conftest -O2 -march=native -msse2   conftest.c  >&5
configure:13156: $? = 0
configure:13156: result: yes
configure:13167: checking for MAP_ANONYMOUS
configure:13204: result: yes
configure:13238: checking whether memchr works
configure:13301: gcc -o conftest -O2 -march=native -msse2   conftest.c  >&5
configure:13301: $? = 0
configure:13301: ./conftest
configure:13301: $? = 0
configure:13311: result: yes
configure:13319: checking whether memmem is declared
configure:13319: gcc -c -O2 -march=native -msse2  conftest.c >&5
configure:13319: $? = 0
configure:13319: result: yes
configure:13337: checking for memmem
configure:13337: gcc -o conftest -O2 -march=native -msse2   conftest.c  >&5
configure:13337: $? = 0
configure:13337: result: yes
configure:13361: checking whether memmem works
configure:13425: gcc -o conftest -O2 -march=native -msse2   conftest.c  >&5
configure:13425: $? = 0
configure:13425: ./conftest
configure:13425: $? = 0
configure:13436: result: yes
configure:13454: gcc -c -O2 -march=native -msse2  conftest.c >&5
conftest.c:42:10: error: unknown type name 'not'
conftest.c:42:16: error: expected '=', ',', ';', 'asm' or '__attribute__' before 'universal'
conftest.c:42:16: error: unknown type name 'universal'
configure:13454: $? = 1
configure: failed program was:
| /* confdefs.h */
| #define PACKAGE_NAME "synminer"
| #define PACKAGE_TARNAME "synminer"
| #define PACKAGE_VERSION "0.5.4pre2"
| #define PACKAGE_STRING "synminer 0.5.4pre2"
| #define PACKAGE_BUGREPORT ""
| #define PACKAGE_URL ""
| #define PACKAGE "synminer"
| #define VERSION "0.5.4pre2"
| #define STDC_HEADERS 1
| #define HAVE_SYS_TYPES_H 1
| #define HAVE_SYS_STAT_H 1
| #define HAVE_STDLIB_H 1
| #define HAVE_STRING_H 1
| #define HAVE_MEMORY_H 1
| #define HAVE_STRINGS_H 1
| #define HAVE_INTTYPES_H 1
| #define HAVE_STDINT_H 1
| #define HAVE_UNISTD_H 1
| #define __EXTENSIONS__ 1
| #define _ALL_SOURCE 1
| #define _GNU_SOURCE 1
| #define _POSIX_PTHREAD_SEMANTICS 1
| #define _TANDEM_SOURCE 1
| #define CGMINER_MAJOR_VERSION 0
| #define CGMINER_MINOR_VERSION 5
| #define CGMINER_MINOR_SUBVERSION 4pre2
| #define HAVE_DLFCN_H 1
| #define LT_OBJDIR ".libs/"
| #define HAVE_SYS_MMAN_H 1
| #define HAVE_WCHAR_H 1
| #define HAVE_STDINT_H 1
| #define HAVE_MPROTECT 1
| #define HAVE_SIGACTION 1
| #define HAVE_SIGALTSTACK 1
| #define HAVE_SIGINTERRUPT 1
| #define HAVE_MAP_ANONYMOUS 1
| #define HAVE_DECL_MEMMEM 1
| #define HAVE_MEMMEM 1
| /* end confdefs.h.  */
| #ifndef __APPLE_CC__
|          not a universal capable compiler
|         #endif
|         typedef int dummy;
| 
configure:13505: checking for C/C++ restrict keyword
configure:13530: gcc -c -O2 -march=native -msse2  conftest.c >&5
configure:13530: $? = 0
configure:13538: result: __restrict
configure:13551: checking for uid_t in sys/types.h
configure:13570: result: yes
configure:13581: checking for inline
configure:13597: gcc -c -O2 -march=native -msse2  conftest.c >&5
configure:13597: $? = 0
configure:13605: result: inline
configure:13638: checking whether the preprocessor supports include_next
configure:13676: gcc -c -O2 -march=native -msse2  -Iconftestd1b -Iconftestd2 conftest.c >&5
configure:13676: $? = 0
configure:13697: result: yes
configure:13718: checking whether system header files limit the line length
configure:13741: result: no
configure:13755: checking for wchar_t
configure:13772: gcc -c -O2 -march=native -msse2  conftest.c >&5
configure:13772: $? = 0
configure:13779: result: yes
configure:13788: checking for unsigned long long int
configure:13827: gcc -o conftest -O2 -march=native -msse2   conftest.c  >&5
configure:13827: $? = 0
configure:13836: result: yes
configure:13846: checking for long long int
configure:13884: gcc -o conftest -O2 -march=native -msse2   conftest.c  >&5
configure:13884: $? = 0
configure:13884: ./conftest
configure:13884: $? = 0
configure:13896: result: yes
configure:14033: checking whether stdint.h conforms to C99
configure:14204: gcc -c -O2 -march=native -msse2  conftest.c >&5
configure:14204: $? = 0
configure:14286: gcc -o conftest -O2 -march=native -msse2   conftest.c  >&5
configure:14286: $? = 0
configure:14286: ./conftest
configure:14286: $? = 0
configure:14298: result: yes
configure:14697: checking whether memmem is declared without a macro
configure:14715: gcc -c -O2 -march=native -msse2  conftest.c >&5
configure:14715: $? = 0
configure:14723: result: yes
configure:14697: checking whether mempcpy is declared without a macro
configure:14715: gcc -c -O2 -march=native -msse2  conftest.c >&5
configure:14715: $? = 0
configure:14723: result: yes
configure:14697: checking whether memrchr is declared without a macro
configure:14715: gcc -c -O2 -march=native -msse2  conftest.c >&5
configure:14715: $? = 0
configure:14723: result: yes
configure:14697: checking whether rawmemchr is declared without a macro
configure:14715: gcc -c -O2 -march=native -msse2  conftest.c >&5
configure:14715: $? = 0
configure:14723: result: yes
configure:14697: checking whether stpcpy is declared without a macro
configure:14715: gcc -c -O2 -march=native -msse2  conftest.c >&5
configure:14715: $? = 0
configure:14723: result: yes
configure:14697: checking whether stpncpy is declared without a macro
configure:14715: gcc -c -O2 -march=native -msse2  conftest.c >&5
configure:14715: $? = 0
configure:14723: result: yes
configure:14697: checking whether strchrnul is declared without a macro
configure:14715: gcc -c -O2 -march=native -msse2  conftest.c >&5
configure:14715: $? = 0
configure:14723: result: yes
configure:14697: checking whether strdup is declared without a macro
configure:14715: gcc -c -O2 -march=native -msse2  conftest.c >&5
configure:14715: $? = 0
configure:14723: result: yes
configure:14697: checking whether strncat is declared without a macro
configure:14715: gcc -c -O2 -march=native -msse2  conftest.c >&5
configure:14715: $? = 0
configure:14723: result: yes
configure:14697: checking whether strndup is declared without a macro
configure:14715: gcc -c -O2 -march=native -msse2  conftest.c >&5
configure:14715: $? = 0
configure:14723: result: yes
configure:14697: checking whether strnlen is declared without a macro
configure:14715: gcc -c -O2 -march=native -msse2  conftest.c >&5
configure:14715: $? = 0
configure:14723: result: yes
configure:14697: checking whether strpbrk is declared without a macro
configure:14715: gcc -c -O2 -march=native -msse2  conftest.c >&5
configure:14715: $? = 0
configure:14723: result: yes
configure:14697: checking whether strsep is declared without a macro
configure:14715: gcc -c -O2 -march=native -msse2  conftest.c >&5
configure:14715: $? = 0
configure:14723: result: yes
configure:14697: checking whether strcasestr is declared without a macro
configure:14715: gcc -c -O2 -march=native -msse2  conftest.c >&5
configure:14715: $? = 0
configure:14723: result: yes
configure:14697: checking whether strtok_r is declared without a macro
configure:14715: gcc -c -O2 -march=native -msse2  conftest.c >&5
configure:14715: $? = 0
configure:14723: result: yes
configure:14697: checking whether strerror_r is declared without a macro
configure:14715: gcc -c -O2 -march=native -msse2  conftest.c >&5
configure:14715: $? = 0
configure:14723: result: yes
configure:14697: checking whether strsignal is declared without a macro
configure:14715: gcc -c -O2 -march=native -msse2  conftest.c >&5
configure:14715: $? = 0
configure:14723: result: yes
configure:14697: checking whether strverscmp is declared without a macro
configure:14715: gcc -c -O2 -march=native -msse2  conftest.c >&5
configure:14715: $? = 0
configure:14723: result: yes
configure:14803: checking whether memmem works in linear time
configure:14874: gcc -o conftest -O2 -march=native -msse2   conftest.c  >&5
configure:14874: $? = 0
configure:14874: ./conftest
configure:14874: $? = 0
configure:14885: result: yes
configure:14910: checking for memmem
configure:14910: result: yes
configure:14934: checking whether memmem works
configure:15009: result: yes
configure:15055: checking for struct sigaction.sa_sigaction
configure:15055: gcc -c -O2 -march=native -msse2  conftest.c >&5
configure:15055: $? = 0
configure:15055: result: yes
configure:15190: checking for volatile sig_atomic_t
configure:15190: gcc -c -O2 -march=native -msse2  conftest.c >&5
configure:15190: $? = 0
configure:15190: gcc -c -O2 -march=native -msse2  conftest.c >&5
conftest.c: In function 'main':
conftest.c:75:36: error: expected expression before ')' token
configure:15190: $? = 1
configure: failed program was:
| /* confdefs.h */
| #define PACKAGE_NAME "synminer"
| #define PACKAGE_TARNAME "synminer"
| #define PACKAGE_VERSION "0.5.4pre2"
| #define PACKAGE_STRING "synminer 0.5.4pre2"
| #define PACKAGE_BUGREPORT ""
| #define PACKAGE_URL ""
| #define PACKAGE "synminer"
| #define VERSION "0.5.4pre2"
| #define STDC_HEADERS 1
| #define HAVE_SYS_TYPES_H 1
| #define HAVE_SYS_STAT_H 1
| #define HAVE_STDLIB_H 1
| #define HAVE_STRING_H 1
| #define HAVE_MEMORY_H 1
| #define HAVE_STRINGS_H 1
| #define HAVE_INTTYPES_H 1
| #define HAVE_STDINT_H 1
| #define HAVE_UNISTD_H 1
| #define __EXTENSIONS__ 1
| #define _ALL_SOURCE 1
| #define _GNU_SOURCE 1
| #define _POSIX_PTHREAD_SEMANTICS 1
| #define _TANDEM_SOURCE 1
| #define CGMINER_MAJOR_VERSION 0
| #define CGMINER_MINOR_VERSION 5
| #define CGMINER_MINOR_SUBVERSION 4pre2
| #define HAVE_DLFCN_H 1
| #define LT_OBJDIR ".libs/"
| #define HAVE_SYS_MMAN_H 1
| #define HAVE_WCHAR_H 1
| #define HAVE_STDINT_H 1
| #define HAVE_MPROTECT 1
| #define HAVE_SIGACTION 1
| #define HAVE_SIGALTSTACK 1
| #define HAVE_SIGINTERRUPT 1
| #define HAVE_MAP_ANONYMOUS 1
| #define HAVE_DECL_MEMMEM 1
| #define HAVE_MEMMEM 1
| #define restrict __restrict
| #define HAVE_WCHAR_T 1
| #define HAVE_UNSIGNED_LONG_LONG_INT 1
| #define HAVE_LONG_LONG_INT 1
| #define HAVE_RAW_DECL_MEMMEM 1
| #define HAVE_RAW_DECL_MEMPCPY 1
| #define HAVE_RAW_DECL_MEMRCHR 1
| #define HAVE_RAW_DECL_RAWMEMCHR 1
| #define HAVE_RAW_DECL_STPCPY 1
| #define HAVE_RAW_DECL_STPNCPY 1
| #define HAVE_RAW_DECL_STRCHRNUL 1
| #define HAVE_RAW_DECL_STRDUP 1
| #define HAVE_RAW_DECL_STRNCAT 1
| #define HAVE_RAW_DECL_STRNDUP 1
| #define HAVE_RAW_DECL_STRNLEN 1
| #define HAVE_RAW_DECL_STRPBRK 1
| #define HAVE_RAW_DECL_STRSEP 1
| #define HAVE_RAW_DECL_STRCASESTR 1
| #define HAVE_RAW_DECL_STRTOK_R 1
| #define HAVE_RAW_DECL_STRERROR_R 1
| #define HAVE_RAW_DECL_STRSIGNAL 1
| #define HAVE_RAW_DECL_STRVERSCMP 1
| #define GNULIB_TEST_MEMCHR 1
| #define HAVE_MEMMEM 1
| #define GNULIB_TEST_MEMMEM 1
| #define HAVE_STRUCT_SIGACTION_SA_SIGACTION 1
| #define GNULIB_TEST_SIGACTION 1
| /* end confdefs.h.  */
| 
| #include <signal.h>
| 
| 
| int
| main ()
| {
| if (sizeof ((volatile sig_atomic_t)))
| 	    return 0;
|   ;
|   return 0;
| }
configure:15190: result: yes
configure:15204: checking for sighandler_t
configure:15204: gcc -c -O2 -march=native -msse2  conftest.c >&5
configure:15204: $? = 0
configure:15204: gcc -c -O2 -march=native -msse2  conftest.c >&5
conftest.c: In function 'main':
conftest.c:75:27: error: expected expression before ')' token
configure:15204: $? = 1
configure: failed program was:
| /* confdefs.h */
| #define PACKAGE_NAME "synminer"
| #define PACKAGE_TARNAME "synminer"
| #define PACKAGE_VERSION "0.5.4pre2"
| #define PACKAGE_STRING "synminer 0.5.4pre2"
| #define PACKAGE_BUGREPORT ""
| #define PACKAGE_URL ""
| #define PACKAGE "synminer"
| #define VERSION "0.5.4pre2"
| #define STDC_HEADERS 1
| #define HAVE_SYS_TYPES_H 1
| #define HAVE_SYS_STAT_H 1
| #define HAVE_STDLIB_H 1
| #define HAVE_STRING_H 1
| #define HAVE_MEMORY_H 1
| #define HAVE_STRINGS_H 1
| #define HAVE_INTTYPES_H 1
| #define HAVE_STDINT_H 1
| #define HAVE_UNISTD_H 1
| #define __EXTENSIONS__ 1
| #define _ALL_SOURCE 1
| #define _GNU_SOURCE 1
| #define _POSIX_PTHREAD_SEMANTICS 1
| #define _TANDEM_SOURCE 1
| #define CGMINER_MAJOR_VERSION 0
| #define CGMINER_MINOR_VERSION 5
| #define CGMINER_MINOR_SUBVERSION 4pre2
| #define HAVE_DLFCN_H 1
| #define LT_OBJDIR ".libs/"
| #define HAVE_SYS_MMAN_H 1
| #define HAVE_WCHAR_H 1
| #define HAVE_STDINT_H 1
| #define HAVE_MPROTECT 1
| #define HAVE_SIGACTION 1
| #define HAVE_SIGALTSTACK 1
| #define HAVE_SIGINTERRUPT 1
| #define HAVE_MAP_ANONYMOUS 1
| #define HAVE_DECL_MEMMEM 1
| #define HAVE_MEMMEM 1
| #define restrict __restrict
| #define HAVE_WCHAR_T 1
| #define HAVE_UNSIGNED_LONG_LONG_INT 1
| #define HAVE_LONG_LONG_INT 1
| #define HAVE_RAW_DECL_MEMMEM 1
| #define HAVE_RAW_DECL_MEMPCPY 1
| #define HAVE_RAW_DECL_MEMRCHR 1
| #define HAVE_RAW_DECL_RAWMEMCHR 1
| #define HAVE_RAW_DECL_STPCPY 1
| #define HAVE_RAW_DECL_STPNCPY 1
| #define HAVE_RAW_DECL_STRCHRNUL 1
| #define HAVE_RAW_DECL_STRDUP 1
| #define HAVE_RAW_DECL_STRNCAT 1
| #define HAVE_RAW_DECL_STRNDUP 1
| #define HAVE_RAW_DECL_STRNLEN 1
| #define HAVE_RAW_DECL_STRPBRK 1
| #define HAVE_RAW_DECL_STRSEP 1
| #define HAVE_RAW_DECL_STRCASESTR 1
| #define HAVE_RAW_DECL_STRTOK_R 1
| #define HAVE_RAW_DECL_STRERROR_R 1
| #define HAVE_RAW_DECL_STRSIGNAL 1
| #define HAVE_RAW_DECL_STRVERSCMP 1
| #define GNULIB_TEST_MEMCHR 1
| #define HAVE_MEMMEM 1
| #define GNULIB_TEST_MEMMEM 1
| #define HAVE_STRUCT_SIGACTION_SA_SIGACTION 1
| #define GNULIB_TEST_SIGACTION 1
| /* end confdefs.h.  */
| 
| #include <signal.h>
| 
| 
| int
| main ()
| {
| if (sizeof ((sighandler_t)))
| 	    return 0;
|   ;
|   return 0;
| }
configure:15204: result: yes
configure:15218: checking whether sigaction is declared without a macro
configure:15236: gcc -c -O2 -march=native -msse2  conftest.c >&5
configure:15236: $? = 0
configure:15244: result: yes
configure:15218: checking whether sigaddset is declared without a macro
configure:15236: gcc -c -O2 -march=native -msse2  conftest.c >&5
configure:15236: $? = 0
configure:15244: result: yes
configure:15218: checking whether sigdelset is declared without a macro
configure:15236: gcc -c -O2 -march=native -msse2  conftest.c >&5
configure:15236: $? = 0
configure:15244: result: yes
configure:15218: checking whether sigemptyset is declared without a macro
configure:15236: gcc -c -O2 -march=native -msse2  conftest.c >&5
configure:15236: $? = 0
configure:15244: result: yes
configure:15218: checking whether sigfillset is declared without a macro
configure:15236: gcc -c -O2 -march=native -msse2  conftest.c >&5
configure:15236: $? = 0
configure:15244: result: yes
configure:15218: checking whether sigismember is declared without a macro
configure:15236: gcc -c -O2 -march=native -msse2  conftest.c >&5
configure:15236: $? = 0
configure:15244: result: yes
configure:15218: checking whether sigpending is declared without a macro
configure:15236: gcc -c -O2 -march=native -msse2  conftest.c >&5
configure:15236: $? = 0
configure:15244: result: yes
configure:15218: checking whether sigprocmask is declared without a macro
configure:15236: gcc -c -O2 -march=native -msse2  conftest.c >&5
configure:15236: $? = 0
configure:15244: result: yes
configure:15273: checking for sigprocmask
configure:15273: gcc -o conftest -O2 -march=native -msse2   conftest.c  >&5
configure:15273: $? = 0
configure:15273: result: yes
configure:15340: checking whether NULL can be used in arbitrary expressions
configure:15358: gcc -c -O2 -march=native -msse2  conftest.c >&5
configure:15358: $? = 0
configure:15365: result: yes
configure:15480: checking for ANSI C header files
configure:15584: result: yes
configure:15594: checking syslog.h usability
configure:15594: gcc -c -O2 -march=native -msse2  conftest.c >&5
configure:15594: $? = 0
configure:15594: result: yes
configure:15594: checking syslog.h presence
configure:15594: gcc -E  conftest.c
configure:15594: $? = 0
configure:15594: result: yes
configure:15594: checking for syslog.h
configure:15594: result: yes
configure:15605: checking for size_t
configure:15605: gcc -c -O2 -march=native -msse2  conftest.c >&5
configure:15605: $? = 0
configure:15605: gcc -c -O2 -march=native -msse2  conftest.c >&5
conftest.c: In function 'main':
conftest.c:115:21: error: expected expression before ')' token
configure:15605: $? = 1
configure: failed program was:
| /* confdefs.h */
| #define PACKAGE_NAME "synminer"
| #define PACKAGE_TARNAME "synminer"
| #define PACKAGE_VERSION "0.5.4pre2"
| #define PACKAGE_STRING "synminer 0.5.4pre2"
| #define PACKAGE_BUGREPORT ""
| #define PACKAGE_URL ""
| #define PACKAGE "synminer"
| #define VERSION "0.5.4pre2"
| #define STDC_HEADERS 1
| #define HAVE_SYS_TYPES_H 1
| #define HAVE_SYS_STAT_H 1
| #define HAVE_STDLIB_H 1
| #define HAVE_STRING_H 1
| #define HAVE_MEMORY_H 1
| #define HAVE_STRINGS_H 1
| #define HAVE_INTTYPES_H 1
| #define HAVE_STDINT_H 1
| #define HAVE_UNISTD_H 1
| #define __EXTENSIONS__ 1
| #define _ALL_SOURCE 1
| #define _GNU_SOURCE 1
| #define _POSIX_PTHREAD_SEMANTICS 1
| #define _TANDEM_SOURCE 1
| #define CGMINER_MAJOR_VERSION 0
| #define CGMINER_MINOR_VERSION 5
| #define CGMINER_MINOR_SUBVERSION 4pre2
| #define HAVE_DLFCN_H 1
| #define LT_OBJDIR ".libs/"
| #define HAVE_SYS_MMAN_H 1
| #define HAVE_WCHAR_H 1
| #define HAVE_STDINT_H 1
| #define HAVE_MPROTECT 1
| #define HAVE_SIGACTION 1
| #define HAVE_SIGALTSTACK 1
| #define HAVE_SIGINTERRUPT 1
| #define HAVE_MAP_ANONYMOUS 1
| #define HAVE_DECL_MEMMEM 1
| #define HAVE_MEMMEM 1
| #define restrict __restrict
| #define HAVE_WCHAR_T 1
| #define HAVE_UNSIGNED_LONG_LONG_INT 1
| #define HAVE_LONG_LONG_INT 1
| #define HAVE_RAW_DECL_MEMMEM 1
| #define HAVE_RAW_DECL_MEMPCPY 1
| #define HAVE_RAW_DECL_MEMRCHR 1
| #define HAVE_RAW_DECL_RAWMEMCHR 1
| #define HAVE_RAW_DECL_STPCPY 1
| #define HAVE_RAW_DECL_STPNCPY 1
| #define HAVE_RAW_DECL_STRCHRNUL 1
| #define HAVE_RAW_DECL_STRDUP 1
| #define HAVE_RAW_DECL_STRNCAT 1
| #define HAVE_RAW_DECL_STRNDUP 1
| #define HAVE_RAW_DECL_STRNLEN 1
| #define HAVE_RAW_DECL_STRPBRK 1
| #define HAVE_RAW_DECL_STRSEP 1
| #define HAVE_RAW_DECL_STRCASESTR 1
| #define HAVE_RAW_DECL_STRTOK_R 1
| #define HAVE_RAW_DECL_STRERROR_R 1
| #define HAVE_RAW_DECL_STRSIGNAL 1
| #define HAVE_RAW_DECL_STRVERSCMP 1
| #define GNULIB_TEST_MEMCHR 1
| #define HAVE_MEMMEM 1
| #define GNULIB_TEST_MEMMEM 1
| #define HAVE_STRUCT_SIGACTION_SA_SIGACTION 1
| #define GNULIB_TEST_SIGACTION 1
| #define HAVE_RAW_DECL_SIGACTION 1
| #define HAVE_RAW_DECL_SIGADDSET 1
| #define HAVE_RAW_DECL_SIGDELSET 1
| #define HAVE_RAW_DECL_SIGEMPTYSET 1
| #define HAVE_RAW_DECL_SIGFILLSET 1
| #define HAVE_RAW_DECL_SIGISMEMBER 1
| #define HAVE_RAW_DECL_SIGPENDING 1
| #define HAVE_RAW_DECL_SIGPROCMASK 1
| #define GNULIB_TEST_SIGPROCMASK 1
| #define STDC_HEADERS 1
| #define HAVE_SYSLOG_H 1
| /* end confdefs.h.  */
| #include <stdio.h>
| #ifdef HAVE_SYS_TYPES_H
| # include <sys/types.h>
| #endif
| #ifdef HAVE_SYS_STAT_H
| # include <sys/stat.h>
| #endif
| #ifdef STDC_HEADERS
| # include <stdlib.h>
| # include <stddef.h>
| #else
| # ifdef HAVE_STDLIB_H
| #  include <stdlib.h>
| # endif
| #endif
| #ifdef HAVE_STRING_H
| # if !defined STDC_HEADERS && defined HAVE_MEMORY_H
| #  include <memory.h>
| # endif
| # include <string.h>
| #endif
| #ifdef HAVE_STRINGS_H
| # include <strings.h>
| #endif
| #ifdef HAVE_INTTYPES_H
| # include <inttypes.h>
| #endif
| #ifdef HAVE_STDINT_H
| # include <stdint.h>
| #endif
| #ifdef HAVE_UNISTD_H
| # include <unistd.h>
| #endif
| int
| main ()
| {
| if (sizeof ((size_t)))
| 	    return 0;
|   ;
|   return 0;
| }
configure:15605: result: yes
configure:15618: checking for working alloca.h
configure:15635: gcc -o conftest -O2 -march=native -msse2   conftest.c  >&5
configure:15635: $? = 0
configure:15643: result: yes
configure:15651: checking for alloca
configure:15688: gcc -o conftest -O2 -march=native -msse2   conftest.c  >&5
configure:15688: $? = 0
configure:15696: result: yes
configure:15893: checking for OpenCL
configure:15916: gcc -o conftest -O2 -march=native -msse2 -I/opt/AMDAPP/include    conftest.c  -L/opt/AMDAPP/lib/x86_64 -lOpenCL >&5
configure:15916: $? = 0
configure:15917: result: yes
configure:16002: checking for pthread_create in -lpthread
configure:16027: gcc -o conftest -O2 -march=native -msse2   conftest.c -lpthread   >&5
configure:16027: $? = 0
configure:16036: result: yes
configure:16065: checking for ./ADL_SDK/adl_sdk.h
configure:16079: result: yes
configure:16356: checking for library containing addstr
configure:16387: gcc -o conftest -O2 -march=native -msse2   conftest.c -lpthread  >&5
/tmp/ccD5wSbN.o: In function `main':
conftest.c:(.text.startup+0x7): undefined reference to `addstr'
collect2: ld returned 1 exit status
configure:16387: $? = 1
configure: failed program was:
| /* confdefs.h */
| #define PACKAGE_NAME "synminer"
| #define PACKAGE_TARNAME "synminer"
| #define PACKAGE_VERSION "0.5.4pre2"
| #define PACKAGE_STRING "synminer 0.5.4pre2"
| #define PACKAGE_BUGREPORT ""
| #define PACKAGE_URL ""
| #define PACKAGE "synminer"
| #define VERSION "0.5.4pre2"
| #define STDC_HEADERS 1
| #define HAVE_SYS_TYPES_H 1
| #define HAVE_SYS_STAT_H 1
| #define HAVE_STDLIB_H 1
| #define HAVE_STRING_H 1
| #define HAVE_MEMORY_H 1
| #define HAVE_STRINGS_H 1
| #define HAVE_INTTYPES_H 1
| #define HAVE_STDINT_H 1
| #define HAVE_UNISTD_H 1
| #define __EXTENSIONS__ 1
| #define _ALL_SOURCE 1
| #define _GNU_SOURCE 1
| #define _POSIX_PTHREAD_SEMANTICS 1
| #define _TANDEM_SOURCE 1
| #define CGMINER_MAJOR_VERSION 0
| #define CGMINER_MINOR_VERSION 5
| #define CGMINER_MINOR_SUBVERSION 4pre2
| #define HAVE_DLFCN_H 1
| #define LT_OBJDIR ".libs/"
| #define HAVE_SYS_MMAN_H 1
| #define HAVE_WCHAR_H 1
| #define HAVE_STDINT_H 1
| #define HAVE_MPROTECT 1
| #define HAVE_SIGACTION 1
| #define HAVE_SIGALTSTACK 1
| #define HAVE_SIGINTERRUPT 1
| #define HAVE_MAP_ANONYMOUS 1
| #define HAVE_DECL_MEMMEM 1
| #define HAVE_MEMMEM 1
| #define restrict __restrict
| #define HAVE_WCHAR_T 1
| #define HAVE_UNSIGNED_LONG_LONG_INT 1
| #define HAVE_LONG_LONG_INT 1
| #define HAVE_RAW_DECL_MEMMEM 1
| #define HAVE_RAW_DECL_MEMPCPY 1
| #define HAVE_RAW_DECL_MEMRCHR 1
| #define HAVE_RAW_DECL_RAWMEMCHR 1
| #define HAVE_RAW_DECL_STPCPY 1
| #define HAVE_RAW_DECL_STPNCPY 1
| #define HAVE_RAW_DECL_STRCHRNUL 1
| #define HAVE_RAW_DECL_STRDUP 1
| #define HAVE_RAW_DECL_STRNCAT 1
| #define HAVE_RAW_DECL_STRNDUP 1
| #define HAVE_RAW_DECL_STRNLEN 1
| #define HAVE_RAW_DECL_STRPBRK 1
| #define HAVE_RAW_DECL_STRSEP 1
| #define HAVE_RAW_DECL_STRCASESTR 1
| #define HAVE_RAW_DECL_STRTOK_R 1
| #define HAVE_RAW_DECL_STRERROR_R 1
| #define HAVE_RAW_DECL_STRSIGNAL 1
| #define HAVE_RAW_DECL_STRVERSCMP 1
| #define GNULIB_TEST_MEMCHR 1
| #define HAVE_MEMMEM 1
| #define GNULIB_TEST_MEMMEM 1
| #define HAVE_STRUCT_SIGACTION_SA_SIGACTION 1
| #define GNULIB_TEST_SIGACTION 1
| #define HAVE_RAW_DECL_SIGACTION 1
| #define HAVE_RAW_DECL_SIGADDSET 1
| #define HAVE_RAW_DECL_SIGDELSET 1
| #define HAVE_RAW_DECL_SIGEMPTYSET 1
| #define HAVE_RAW_DECL_SIGFILLSET 1
| #define HAVE_RAW_DECL_SIGISMEMBER 1
| #define HAVE_RAW_DECL_SIGPENDING 1
| #define HAVE_RAW_DECL_SIGPROCMASK 1
| #define GNULIB_TEST_SIGPROCMASK 1
| #define STDC_HEADERS 1
| #define HAVE_SYSLOG_H 1
| #define HAVE_ALLOCA_H 1
| #define HAVE_ALLOCA 1
| #define HAVE_OPENCL 1
| #define HAVE_LIBPTHREAD 1
| #define HAVE_ADL 1
| #define USE_SCRYPT 1
| /* end confdefs.h.  */
| 
| /* Override any GCC internal prototype to avoid an error.
|    Use char because int might match the return type of a GCC
|    builtin and then its argument prototype would still apply.  */
| #ifdef __cplusplus
| extern "C"
| #endif
| char addstr ();
| int
| main ()
| {
| return addstr ();
|   ;
|   return 0;
| }
configure:16387: gcc -o conftest -O2 -march=native -msse2   conftest.c -lncurses  -lpthread  >&5
/usr/bin/ld: cannot find -lncurses
collect2: ld returned 1 exit status
configure:16387: $? = 1
configure: failed program was:
| /* confdefs.h */
| #define PACKAGE_NAME "synminer"
| #define PACKAGE_TARNAME "synminer"
| #define PACKAGE_VERSION "0.5.4pre2"
| #define PACKAGE_STRING "synminer 0.5.4pre2"
| #define PACKAGE_BUGREPORT ""
| #define PACKAGE_URL ""
| #define PACKAGE "synminer"
| #define VERSION "0.5.4pre2"
| #define STDC_HEADERS 1
| #define HAVE_SYS_TYPES_H 1
| #define HAVE_SYS_STAT_H 1
| #define HAVE_STDLIB_H 1
| #define HAVE_STRING_H 1
| #define HAVE_MEMORY_H 1
| #define HAVE_STRINGS_H 1
| #define HAVE_INTTYPES_H 1
| #define HAVE_STDINT_H 1
| #define HAVE_UNISTD_H 1
| #define __EXTENSIONS__ 1
| #define _ALL_SOURCE 1
| #define _GNU_SOURCE 1
| #define _POSIX_PTHREAD_SEMANTICS 1
| #define _TANDEM_SOURCE 1
| #define CGMINER_MAJOR_VERSION 0
| #define CGMINER_MINOR_VERSION 5
| #define CGMINER_MINOR_SUBVERSION 4pre2
| #define HAVE_DLFCN_H 1
| #define LT_OBJDIR ".libs/"
| #define HAVE_SYS_MMAN_H 1
| #define HAVE_WCHAR_H 1
| #define HAVE_STDINT_H 1
| #define HAVE_MPROTECT 1
| #define HAVE_SIGACTION 1
| #define HAVE_SIGALTSTACK 1
| #define HAVE_SIGINTERRUPT 1
| #define HAVE_MAP_ANONYMOUS 1
| #define HAVE_DECL_MEMMEM 1
| #define HAVE_MEMMEM 1
| #define restrict __restrict
| #define HAVE_WCHAR_T 1
| #define HAVE_UNSIGNED_LONG_LONG_INT 1
| #define HAVE_LONG_LONG_INT 1
| #define HAVE_RAW_DECL_MEMMEM 1
| #define HAVE_RAW_DECL_MEMPCPY 1
| #define HAVE_RAW_DECL_MEMRCHR 1
| #define HAVE_RAW_DECL_RAWMEMCHR 1
| #define HAVE_RAW_DECL_STPCPY 1
| #define HAVE_RAW_DECL_STPNCPY 1
| #define HAVE_RAW_DECL_STRCHRNUL 1
| #define HAVE_RAW_DECL_STRDUP 1
| #define HAVE_RAW_DECL_STRNCAT 1
| #define HAVE_RAW_DECL_STRNDUP 1
| #define HAVE_RAW_DECL_STRNLEN 1
| #define HAVE_RAW_DECL_STRPBRK 1
| #define HAVE_RAW_DECL_STRSEP 1
| #define HAVE_RAW_DECL_STRCASESTR 1
| #define HAVE_RAW_DECL_STRTOK_R 1
| #define HAVE_RAW_DECL_STRERROR_R 1
| #define HAVE_RAW_DECL_STRSIGNAL 1
| #define HAVE_RAW_DECL_STRVERSCMP 1
| #define GNULIB_TEST_MEMCHR 1
| #define HAVE_MEMMEM 1
| #define GNULIB_TEST_MEMMEM 1
| #define HAVE_STRUCT_SIGACTION_SA_SIGACTION 1
| #define GNULIB_TEST_SIGACTION 1
| #define HAVE_RAW_DECL_SIGACTION 1
| #define HAVE_RAW_DECL_SIGADDSET 1
| #define HAVE_RAW_DECL_SIGDELSET 1
| #define HAVE_RAW_DECL_SIGEMPTYSET 1
| #define HAVE_RAW_DECL_SIGFILLSET 1
| #define HAVE_RAW_DECL_SIGISMEMBER 1
| #define HAVE_RAW_DECL_SIGPENDING 1
| #define HAVE_RAW_DECL_SIGPROCMASK 1
| #define GNULIB_TEST_SIGPROCMASK 1
| #define STDC_HEADERS 1
| #define HAVE_SYSLOG_H 1
| #define HAVE_ALLOCA_H 1
| #define HAVE_ALLOCA 1
| #define HAVE_OPENCL 1
| #define HAVE_LIBPTHREAD 1
| #define HAVE_ADL 1
| #define USE_SCRYPT 1
| /* end confdefs.h.  */
| 
| /* Override any GCC internal prototype to avoid an error.
|    Use char because int might match the return type of a GCC
|    builtin and then its argument prototype would still apply.  */
| #ifdef __cplusplus
| extern "C"
| #endif
| char addstr ();
| int
| main ()
| {
| return addstr ();
|   ;
|   return 0;
| }
configure:16387: gcc -o conftest -O2 -march=native -msse2   conftest.c -lpdcurses  -lpthread  >&5
/usr/bin/ld: cannot find -lpdcurses
collect2: ld returned 1 exit status
configure:16387: $? = 1
configure: failed program was:
| /* confdefs.h */
| #define PACKAGE_NAME "synminer"
| #define PACKAGE_TARNAME "synminer"
| #define PACKAGE_VERSION "0.5.4pre2"
| #define PACKAGE_STRING "synminer 0.5.4pre2"
| #define PACKAGE_BUGREPORT ""
| #define PACKAGE_URL ""
| #define PACKAGE "synminer"
| #define VERSION "0.5.4pre2"
| #define STDC_HEADERS 1
| #define HAVE_SYS_TYPES_H 1
| #define HAVE_SYS_STAT_H 1
| #define HAVE_STDLIB_H 1
| #define HAVE_STRING_H 1
| #define HAVE_MEMORY_H 1
| #define HAVE_STRINGS_H 1
| #define HAVE_INTTYPES_H 1
| #define HAVE_STDINT_H 1
| #define HAVE_UNISTD_H 1
| #define __EXTENSIONS__ 1
| #define _ALL_SOURCE 1
| #define _GNU_SOURCE 1
| #define _POSIX_PTHREAD_SEMANTICS 1
| #define _TANDEM_SOURCE 1
| #define CGMINER_MAJOR_VERSION 0
| #define CGMINER_MINOR_VERSION 5
| #define CGMINER_MINOR_SUBVERSION 4pre2
| #define HAVE_DLFCN_H 1
| #define LT_OBJDIR ".libs/"
| #define HAVE_SYS_MMAN_H 1
| #define HAVE_WCHAR_H 1
| #define HAVE_STDINT_H 1
| #define HAVE_MPROTECT 1
| #define HAVE_SIGACTION 1
| #define HAVE_SIGALTSTACK 1
| #define HAVE_SIGINTERRUPT 1
| #define HAVE_MAP_ANONYMOUS 1
| #define HAVE_DECL_MEMMEM 1
| #define HAVE_MEMMEM 1
| #define restrict __restrict
| #define HAVE_WCHAR_T 1
| #define HAVE_UNSIGNED_LONG_LONG_INT 1
| #define HAVE_LONG_LONG_INT 1
| #define HAVE_RAW_DECL_MEMMEM 1
| #define HAVE_RAW_DECL_MEMPCPY 1
| #define HAVE_RAW_DECL_MEMRCHR 1
| #define HAVE_RAW_DECL_RAWMEMCHR 1
| #define HAVE_RAW_DECL_STPCPY 1
| #define HAVE_RAW_DECL_STPNCPY 1
| #define HAVE_RAW_DECL_STRCHRNUL 1
| #define HAVE_RAW_DECL_STRDUP 1
| #define HAVE_RAW_DECL_STRNCAT 1
| #define HAVE_RAW_DECL_STRNDUP 1
| #define HAVE_RAW_DECL_STRNLEN 1
| #define HAVE_RAW_DECL_STRPBRK 1
| #define HAVE_RAW_DECL_STRSEP 1
| #define HAVE_RAW_DECL_STRCASESTR 1
| #define HAVE_RAW_DECL_STRTOK_R 1
| #define HAVE_RAW_DECL_STRERROR_R 1
| #define HAVE_RAW_DECL_STRSIGNAL 1
| #define HAVE_RAW_DECL_STRVERSCMP 1
| #define GNULIB_TEST_MEMCHR 1
| #define HAVE_MEMMEM 1
| #define GNULIB_TEST_MEMMEM 1
| #define HAVE_STRUCT_SIGACTION_SA_SIGACTION 1
| #define GNULIB_TEST_SIGACTION 1
| #define HAVE_RAW_DECL_SIGACTION 1
| #define HAVE_RAW_DECL_SIGADDSET 1
| #define HAVE_RAW_DECL_SIGDELSET 1
| #define HAVE_RAW_DECL_SIGEMPTYSET 1
| #define HAVE_RAW_DECL_SIGFILLSET 1
| #define HAVE_RAW_DECL_SIGISMEMBER 1
| #define HAVE_RAW_DECL_SIGPENDING 1
| #define HAVE_RAW_DECL_SIGPROCMASK 1
| #define GNULIB_TEST_SIGPROCMASK 1
| #define STDC_HEADERS 1
| #define HAVE_SYSLOG_H 1
| #define HAVE_ALLOCA_H 1
| #define HAVE_ALLOCA 1
| #define HAVE_OPENCL 1
| #define HAVE_LIBPTHREAD 1
| #define HAVE_ADL 1
| #define USE_SCRYPT 1
| /* end confdefs.h.  */
| 
| /* Override any GCC internal prototype to avoid an error.
|    Use char because int might match the return type of a GCC
|    builtin and then its argument prototype would still apply.  */
| #ifdef __cplusplus
| extern "C"
| #endif
| char addstr ();
| int
| main ()
| {
| return addstr ();
|   ;
|   return 0;
| }
configure:16404: result: no
configure:16421: WARNING: Could not find curses library - if you want a TUI, install libncurses-dev or pdcurses-dev
configure:16781: checking for pkg-config
configure:16799: found /usr/bin/pkg-config
configure:16811: result: /usr/bin/pkg-config
configure:16836: checking pkg-config is at least version 0.9.0
configure:16839: result: yes
configure:16872: checking for LIBCURL
configure:16879: $PKG_CONFIG --exists --print-errors "libcurl >= 7.25.0"
Requested 'libcurl >= 7.25.0' but version of libcurl is 7.22.0
You may find new versions of libcurl at http://curl.haxx.se/
configure:16882: $? = 1
configure:16896: $PKG_CONFIG --exists --print-errors "libcurl >= 7.25.0"
Requested 'libcurl >= 7.25.0' but version of libcurl is 7.22.0
You may find new versions of libcurl at http://curl.haxx.se/
configure:16899: $? = 1
configure:16913: result: no
Requested 'libcurl >= 7.25.0' but version of libcurl is 7.22.0
You may find new versions of libcurl at http://curl.haxx.se/
configure:16931: checking for LIBCURL
configure:16938: $PKG_CONFIG --exists --print-errors "libcurl >= 7.18.2"
configure:16941: $? = 0
configure:16955: $PKG_CONFIG --exists --print-errors "libcurl >= 7.18.2"
configure:16958: $? = 0
configure:16996: result: yes
configure:17175: gcc -c -O2 -march=native -msse2  conftest.c >&5
conftest.c:87:26: fatal error: process.h: No such file or directory
compilation terminated.
configure:17175: $? = 1
configure: failed program was:
| /* confdefs.h */
| #define PACKAGE_NAME "synminer"
| #define PACKAGE_TARNAME "synminer"
| #define PACKAGE_VERSION "0.5.4pre2"
| #define PACKAGE_STRING "synminer 0.5.4pre2"
| #define PACKAGE_BUGREPORT ""
| #define PACKAGE_URL ""
| #define PACKAGE "synminer"
| #define VERSION "0.5.4pre2"
| #define STDC_HEADERS 1
| #define HAVE_SYS_TYPES_H 1
| #define HAVE_SYS_STAT_H 1
| #define HAVE_STDLIB_H 1
| #define HAVE_STRING_H 1
| #define HAVE_MEMORY_H 1
| #define HAVE_STRINGS_H 1
| #define HAVE_INTTYPES_H 1
| #define HAVE_STDINT_H 1
| #define HAVE_UNISTD_H 1
| #define __EXTENSIONS__ 1
| #define _ALL_SOURCE 1
| #define _GNU_SOURCE 1
| #define _POSIX_PTHREAD_SEMANTICS 1
| #define _TANDEM_SOURCE 1
| #define CGMINER_MAJOR_VERSION 0
| #define CGMINER_MINOR_VERSION 5
| #define CGMINER_MINOR_SUBVERSION 4pre2
| #define HAVE_DLFCN_H 1
| #define LT_OBJDIR ".libs/"
| #define HAVE_SYS_MMAN_H 1
| #define HAVE_WCHAR_H 1
| #define HAVE_STDINT_H 1
| #define HAVE_MPROTECT 1
| #define HAVE_SIGACTION 1
| #define HAVE_SIGALTSTACK 1
| #define HAVE_SIGINTERRUPT 1
| #define HAVE_MAP_ANONYMOUS 1
| #define HAVE_DECL_MEMMEM 1
| #define HAVE_MEMMEM 1
| #define restrict __restrict
| #define HAVE_WCHAR_T 1
| #define HAVE_UNSIGNED_LONG_LONG_INT 1
| #define HAVE_LONG_LONG_INT 1
| #define HAVE_RAW_DECL_MEMMEM 1
| #define HAVE_RAW_DECL_MEMPCPY 1
| #define HAVE_RAW_DECL_MEMRCHR 1
| #define HAVE_RAW_DECL_RAWMEMCHR 1
| #define HAVE_RAW_DECL_STPCPY 1
| #define HAVE_RAW_DECL_STPNCPY 1
| #define HAVE_RAW_DECL_STRCHRNUL 1
| #define HAVE_RAW_DECL_STRDUP 1
| #define HAVE_RAW_DECL_STRNCAT 1
| #define HAVE_RAW_DECL_STRNDUP 1
| #define HAVE_RAW_DECL_STRNLEN 1
| #define HAVE_RAW_DECL_STRPBRK 1
| #define HAVE_RAW_DECL_STRSEP 1
| #define HAVE_RAW_DECL_STRCASESTR 1
| #define HAVE_RAW_DECL_STRTOK_R 1
| #define HAVE_RAW_DECL_STRERROR_R 1
| #define HAVE_RAW_DECL_STRSIGNAL 1
| #define HAVE_RAW_DECL_STRVERSCMP 1
| #define GNULIB_TEST_MEMCHR 1
| #define HAVE_MEMMEM 1
| #define GNULIB_TEST_MEMMEM 1
| #define HAVE_STRUCT_SIGACTION_SA_SIGACTION 1
| #define GNULIB_TEST_SIGACTION 1
| #define HAVE_RAW_DECL_SIGACTION 1
| #define HAVE_RAW_DECL_SIGADDSET 1
| #define HAVE_RAW_DECL_SIGDELSET 1
| #define HAVE_RAW_DECL_SIGEMPTYSET 1
| #define HAVE_RAW_DECL_SIGFILLSET 1
| #define HAVE_RAW_DECL_SIGISMEMBER 1
| #define HAVE_RAW_DECL_SIGPENDING 1
| #define HAVE_RAW_DECL_SIGPROCMASK 1
| #define GNULIB_TEST_SIGPROCMASK 1
| #define STDC_HEADERS 1
| #define HAVE_SYSLOG_H 1
| #define HAVE_ALLOCA_H 1
| #define HAVE_ALLOCA 1
| #define HAVE_OPENCL 1
| #define HAVE_LIBPTHREAD 1
| #define HAVE_ADL 1
| #define USE_SCRYPT 1
| #define HAVE_LIBCURL 1
| /* end confdefs.h.  */
| 
| 		   #include <process.h>
| 		   int execv(const char*, const char*const*);
| 
configure:17193: gcc -c -O2 -march=native -msse2  conftest.c >&5
configure:17193: $? = 0
configure:17203: gcc -c -O2 -march=native -msse2  conftest.c >&5
configure:17203: $? = 0
configure:17213: gcc -c -O2 -march=native -msse2  conftest.c >&5
conftest.c: In function 'cleanup':
conftest.c:89:55: warning: incompatible implicit declaration of built-in function 'exit' [enabled by default]
configure:17213: $? = 0
configure:17223: gcc -c -O2 -march=native -msse2  conftest.c >&5
configure:17223: $? = 0
configure:17233: gcc -c -O2 -march=native -msse2  conftest.c >&5
configure:17233: $? = 0
configure:17243: gcc -c -O2 -march=native -msse2  conftest.c >&5
configure:17243: $? = 0
configure:17253: gcc -o conftest -O2 -march=native -msse2   conftest.c -lpthread  >&5
configure:17253: $? = 0
configure:17264: gcc -o conftest -O2 -march=native -msse2   conftest.c -lpthread  >&5
configure:17264: $? = 0
configure:17275: gcc -c -O2 -march=native -msse2  conftest.c >&5
configure:17275: $? = 0
configure:17585: creating ./config.status

## ---------------------- ##
## Running config.status. ##
## ---------------------- ##

This file was extended by synminer config.status 0.5.4pre2, which was
generated by GNU Autoconf 2.68.  Invocation command line was

  CONFIG_FILES    = 
  CONFIG_HEADERS  = 
  CONFIG_LINKS    = 
  CONFIG_COMMANDS = 
  $ ./config.status 

on synthase-lap

config.status:1370: creating Makefile
config.status:1370: creating compat/Makefile
config.status:1370: creating ccan/Makefile
config.status:1370: creating lib/Makefile
config.status:1370: creating config.h
config.status:1599: executing depfiles commands
config.status:1599: executing libtool commands
configure:19892: === configuring in compat/jansson-2.5 (/home/synthase/Desktop/synminer-gpu/compat/jansson-2.5)
configure:19955: running /bin/bash ./configure --disable-option-checking '--prefix=/usr/local'  '--enable-scrypt' '--enable-opencl' 'CFLAGS=-O2 -march=native -msse2' --cache-file=/dev/null --srcdir=.

## ---------------- ##
## Cache variables. ##
## ---------------- ##

ac_cv_build=x86_64-unknown-linux-gnu
ac_cv_c_compiler_gnu=yes
ac_cv_c_inline=inline
ac_cv_c_restrict=__restrict
ac_cv_env_CC_set=
ac_cv_env_CC_value=
ac_cv_env_CFLAGS_set=set
ac_cv_env_CFLAGS_value='-O2 -march=native -msse2'
ac_cv_env_CPPFLAGS_set=
ac_cv_env_CPPFLAGS_value=
ac_cv_env_CPP_set=
ac_cv_env_CPP_value=
ac_cv_env_LDFLAGS_set=
ac_cv_env_LDFLAGS_value=
ac_cv_env_LIBCURL_CFLAGS_set=
ac_cv_env_LIBCURL_CFLAGS_value=
ac_cv_env_LIBCURL_LIBS_set=
ac_cv_env_LIBCURL_LIBS_value=
ac_cv_env_LIBS_set=
ac_cv_env_LIBS_value=
ac_cv_env_LIBUSB_CFLAGS_set=
ac_cv_env_LIBUSB_CFLAGS_value=
ac_cv_env_LIBUSB_LIBS_set=
ac_cv_env_LIBUSB_LIBS_value=
ac_cv_env_PKG_CONFIG_LIBDIR_set=
ac_cv_env_PKG_CONFIG_LIBDIR_value=
ac_cv_env_PKG_CONFIG_PATH_set=
ac_cv_env_PKG_CONFIG_PATH_value=
ac_cv_env_PKG_CONFIG_set=
ac_cv_env_PKG_CONFIG_value=
ac_cv_env_build_alias_set=
ac_cv_env_build_alias_value=
ac_cv_env_host_alias_set=
ac_cv_env_host_alias_value=
ac_cv_env_target_alias_set=
ac_cv_env_target_alias_value=
ac_cv_file___ADL_SDK_adl_sdk_h=yes
ac_cv_func_alloca_works=yes
ac_cv_func_memmem=yes
ac_cv_func_mmap=yes
ac_cv_func_mprotect=yes
ac_cv_func_sigaction=yes
ac_cv_func_sigaltstack=yes
ac_cv_func_siginterrupt=yes
ac_cv_func_sigprocmask=yes
ac_cv_have_decl_memmem=yes
ac_cv_have_decl_mempcpy=yes
ac_cv_have_decl_memrchr=yes
ac_cv_have_decl_rawmemchr=yes
ac_cv_have_decl_sigaction=yes
ac_cv_have_decl_sigaddset=yes
ac_cv_have_decl_sigdelset=yes
ac_cv_have_decl_sigemptyset=yes
ac_cv_have_decl_sigfillset=yes
ac_cv_have_decl_sigismember=yes
ac_cv_have_decl_sigpending=yes
ac_cv_have_decl_sigprocmask=yes
ac_cv_have_decl_stpcpy=yes
ac_cv_have_decl_stpncpy=yes
ac_cv_have_decl_strcasestr=yes
ac_cv_have_decl_strchrnul=yes
ac_cv_have_decl_strdup=yes
ac_cv_have_decl_strerror_r=yes
ac_cv_have_decl_strncat=yes
ac_cv_have_decl_strndup=yes
ac_cv_have_decl_strnlen=yes
ac_cv_have_decl_strpbrk=yes
ac_cv_have_decl_strsep=yes
ac_cv_have_decl_strsignal=yes
ac_cv_have_decl_strtok_r=yes
ac_cv_have_decl_strverscmp=yes
ac_cv_header_dlfcn_h=yes
ac_cv_header_inttypes_h=yes
ac_cv_header_memory_h=yes
ac_cv_header_minix_config_h=no
ac_cv_header_stdc=yes
ac_cv_header_stdint_h=yes
ac_cv_header_stdlib_h=yes
ac_cv_header_string_h=yes
ac_cv_header_strings_h=yes
ac_cv_header_sys_mman_h=yes
ac_cv_header_sys_stat_h=yes
ac_cv_header_sys_types_h=yes
ac_cv_header_syslog_h=yes
ac_cv_header_unistd_h=yes
ac_cv_header_wchar_h=yes
ac_cv_host=x86_64-unknown-linux-gnu
ac_cv_lib_pthread_pthread_create=yes
ac_cv_member_struct_sigaction_sa_sigaction=yes
ac_cv_objext=o
ac_cv_path_EGREP='/bin/grep -E'
ac_cv_path_FGREP='/bin/grep -F'
ac_cv_path_GREP=/bin/grep
ac_cv_path_SED=/bin/sed
ac_cv_path_ac_pt_PKG_CONFIG=/usr/bin/pkg-config
ac_cv_path_install='/usr/bin/install -c'
ac_cv_path_mkdir=/bin/mkdir
ac_cv_prog_AWK=mawk
ac_cv_prog_CPP='gcc -E'
ac_cv_prog_ac_ct_AR=ar
ac_cv_prog_ac_ct_CC=gcc
ac_cv_prog_ac_ct_MANIFEST_TOOL=mt
ac_cv_prog_ac_ct_OBJDUMP=objdump
ac_cv_prog_ac_ct_RANLIB=ranlib
ac_cv_prog_ac_ct_STRIP=strip
ac_cv_prog_cc_c89=
ac_cv_prog_cc_g=yes
ac_cv_prog_cc_gcc_c_o=yes
ac_cv_prog_gcc_traditional=no
ac_cv_prog_make_make_set=yes
ac_cv_safe_to_define___extensions__=yes
ac_cv_search_addstr=no
ac_cv_target=x86_64-unknown-linux-gnu
ac_cv_type_long_long_int=yes
ac_cv_type_sighandler_t=yes
ac_cv_type_size_t=yes
ac_cv_type_uid_t=yes
ac_cv_type_unsigned_long_long_int=yes
ac_cv_type_volatile_sig_atomic_t=yes
ac_cv_working_alloca_h=yes
am_cv_CC_dependencies_compiler_type=gcc3
am_cv_make_support_nested_variables=yes
gl_cv_c_multiarch=no
gl_cv_decl_null_works=yes
gl_cv_func_memchr_works=yes
gl_cv_func_memmem_works_always=yes
gl_cv_func_memmem_works_fast=yes
gl_cv_func_sigprocmask=1
gl_cv_have_include_next=yes
gl_cv_have_raw_decl_memmem=yes
gl_cv_have_raw_decl_mempcpy=yes
gl_cv_have_raw_decl_memrchr=yes
gl_cv_have_raw_decl_rawmemchr=yes
gl_cv_have_raw_decl_sigaction=yes
gl_cv_have_raw_decl_sigaddset=yes
gl_cv_have_raw_decl_sigdelset=yes
gl_cv_have_raw_decl_sigemptyset=yes
gl_cv_have_raw_decl_sigfillset=yes
gl_cv_have_raw_decl_sigismember=yes
gl_cv_have_raw_decl_sigpending=yes
gl_cv_have_raw_decl_sigprocmask=yes
gl_cv_have_raw_decl_stpcpy=yes
gl_cv_have_raw_decl_stpncpy=yes
gl_cv_have_raw_decl_strcasestr=yes
gl_cv_have_raw_decl_strchrnul=yes
gl_cv_have_raw_decl_strdup=yes
gl_cv_have_raw_decl_strerror_r=yes
gl_cv_have_raw_decl_strncat=yes
gl_cv_have_raw_decl_strndup=yes
gl_cv_have_raw_decl_strnlen=yes
gl_cv_have_raw_decl_strpbrk=yes
gl_cv_have_raw_decl_strsep=yes
gl_cv_have_raw_decl_strsignal=yes
gl_cv_have_raw_decl_strtok_r=yes
gl_cv_have_raw_decl_strverscmp=yes
gl_cv_header_working_stdint_h=yes
gl_cv_next_signal_h='<signal.h>'
gl_cv_next_stdint_h='<stdint.h>'
gl_cv_next_string_h='<string.h>'
gl_cv_pragma_columns=no
gt_cv_c_wchar_t=yes
lt_cv_ar_at_file=@
lt_cv_deplibs_check_method=pass_all
lt_cv_file_magic_cmd='$MAGIC_CMD'
lt_cv_file_magic_test_file=
lt_cv_ld_reload_flag=-r
lt_cv_nm_interface='BSD nm'
lt_cv_objdir=.libs
lt_cv_path_LD=/usr/bin/ld
lt_cv_path_NM='/usr/bin/nm -B'
lt_cv_path_mainfest_tool=no
lt_cv_prog_compiler_c_o=yes
lt_cv_prog_compiler_pic='-fPIC -DPIC'
lt_cv_prog_compiler_pic_works=yes
lt_cv_prog_compiler_rtti_exceptions=no
lt_cv_prog_compiler_static_works=yes
lt_cv_prog_gnu_ld=yes
lt_cv_sharedlib_from_linklib_cmd='printf %s\n'
lt_cv_shlibpath_overrides_runpath=no
lt_cv_sys_global_symbol_pipe='sed -n -e '\''s/^.*[	 ]\([ABCDGIRSTW][ABCDGIRSTW]*\)[	 ][	 ]*\([_A-Za-z][_A-Za-z0-9]*\)$/\1 \2 \2/p'\'' | sed '\''/ __gnu_lto/d'\'''
lt_cv_sys_global_symbol_to_c_name_address='sed -n -e '\''s/^: \([^ ]*\)[ ]*$/  {\"\1\", (void *) 0},/p'\'' -e '\''s/^[ABCDGIRSTW]* \([^ ]*\) \([^ ]*\)$/  {"\2", (void *) \&\2},/p'\'''
lt_cv_sys_global_symbol_to_c_name_address_lib_prefix='sed -n -e '\''s/^: \([^ ]*\)[ ]*$/  {\"\1\", (void *) 0},/p'\'' -e '\''s/^[ABCDGIRSTW]* \([^ ]*\) \(lib[^ ]*\)$/  {"\2", (void *) \&\2},/p'\'' -e '\''s/^[ABCDGIRSTW]* \([^ ]*\) \([^ ]*\)$/  {"lib\2", (void *) \&\2},/p'\'''
lt_cv_sys_global_symbol_to_cdecl='sed -n -e '\''s/^T .* \(.*\)$/extern int \1();/p'\'' -e '\''s/^[ABCDGIRSTW]* .* \(.*\)$/extern char \1;/p'\'''
lt_cv_sys_max_cmd_len=1572864
lt_cv_to_host_file_cmd=func_convert_file_noop
lt_cv_to_tool_file_cmd=func_convert_file_noop
pkg_cv_LIBCURL_CFLAGS=' '
pkg_cv_LIBCURL_LIBS='-lcurl  '

## ----------------- ##
## Output variables. ##
## ----------------- ##

ACLOCAL='${SHELL} /home/synthase/Desktop/synminer-gpu/missing --run aclocal-1.11'
ADL_CPPFLAGS='-I.'
ALLOCA=''
AMDEPBACKSLASH='\'
AMDEP_FALSE='#'
AMDEP_TRUE=''
AMTAR='$${TAR-tar}'
AM_BACKSLASH='\'
AM_DEFAULT_V='$(AM_DEFAULT_VERBOSITY)'
AM_DEFAULT_VERBOSITY='0'
AM_V='$(V)'
APPLE_UNIVERSAL_BUILD='0'
AR='ar'
AUTOCONF='${SHELL} /home/synthase/Desktop/synminer-gpu/missing --run autoconf'
AUTOHEADER='${SHELL} /home/synthase/Desktop/synminer-gpu/missing --run autoheader'
AUTOMAKE='${SHELL} /home/synthase/Desktop/synminer-gpu/missing --run automake-1.11'
AWK='mawk'
BITSIZEOF_PTRDIFF_T=''
BITSIZEOF_SIG_ATOMIC_T=''
BITSIZEOF_SIZE_T=''
BITSIZEOF_WCHAR_T=''
BITSIZEOF_WINT_T=''
CC='gcc'
CCDEPMODE='depmode=gcc3'
CFLAGS='-O2 -march=native -msse2'
CPP='gcc -E'
CPPFLAGS=''
CYGPATH_W='echo'
DEFS='-DHAVE_CONFIG_H'
DEPDIR='.deps'
DLLTOOL='false'
DLOPEN_FLAGS='-ldl'
DSYMUTIL=''
DUMPBIN=''
ECHO_C=''
ECHO_N='-n'
ECHO_T=''
EGREP='/bin/grep -E'
EXEEXT=''
FGREP='/bin/grep -F'
GL_COND_LIBTOOL_FALSE=''
GL_COND_LIBTOOL_TRUE='#'
GL_GENERATE_STDDEF_H_FALSE=''
GL_GENERATE_STDDEF_H_TRUE='#'
GL_GENERATE_STDINT_H_FALSE=''
GL_GENERATE_STDINT_H_TRUE='#'
GNULIB_MBSCASECMP='0'
GNULIB_MBSCASESTR='0'
GNULIB_MBSCHR='0'
GNULIB_MBSCSPN='0'
GNULIB_MBSLEN='0'
GNULIB_MBSNCASECMP='0'
GNULIB_MBSNLEN='0'
GNULIB_MBSPBRK='0'
GNULIB_MBSPCASECMP='0'
GNULIB_MBSRCHR='0'
GNULIB_MBSSEP='0'
GNULIB_MBSSPN='0'
GNULIB_MBSSTR='0'
GNULIB_MBSTOK_R='0'
GNULIB_MEMCHR='1'
GNULIB_MEMMEM='1'
GNULIB_MEMPCPY='0'
GNULIB_MEMRCHR='0'
GNULIB_RAWMEMCHR='0'
GNULIB_SIGACTION='1'
GNULIB_SIGNAL_H_SIGPIPE='0'
GNULIB_SIGPROCMASK='1'
GNULIB_STPCPY='0'
GNULIB_STPNCPY='0'
GNULIB_STRCASESTR='0'
GNULIB_STRCHRNUL='0'
GNULIB_STRDUP='0'
GNULIB_STRERROR='0'
GNULIB_STRERROR_R='0'
GNULIB_STRNCAT='0'
GNULIB_STRNDUP='0'
GNULIB_STRNLEN='0'
GNULIB_STRPBRK='0'
GNULIB_STRSEP='0'
GNULIB_STRSIGNAL='0'
GNULIB_STRSTR='0'
GNULIB_STRTOK_R='0'
GNULIB_STRVERSCMP='0'
GREP='/bin/grep'
HAS_AVALON_FALSE=''
HAS_AVALON_TRUE='#'
HAS_BFLSC_FALSE=''
HAS_BFLSC_TRUE='#'
HAS_BITFORCE_FALSE=''
HAS_BITFORCE_TRUE='#'
HAS_BITFURY_FALSE=''
HAS_BITFURY_TRUE='#'
HAS_HASHFAST_FALSE=''
HAS_HASHFAST_TRUE='#'
HAS_ICARUS_FALSE=''
HAS_ICARUS_TRUE='#'
HAS_KLONDIKE_FALSE=''
HAS_KLONDIKE_TRUE='#'
HAS_KNC_FALSE=''
HAS_KNC_TRUE='#'
HAS_MODMINER_FALSE=''
HAS_MODMINER_TRUE='#'
HAS_OPENCL_FALSE='#'
HAS_OPENCL_TRUE=''
HAS_SCRYPT_FALSE='#'
HAS_SCRYPT_TRUE=''
HAVE_CURSES_FALSE=''
HAVE_CURSES_TRUE='#'
HAVE_DECL_MEMMEM='1'
HAVE_DECL_MEMRCHR='1'
HAVE_DECL_STRDUP='1'
HAVE_DECL_STRERROR_R='1'
HAVE_DECL_STRNDUP='1'
HAVE_DECL_STRNLEN='1'
HAVE_DECL_STRSIGNAL='1'
HAVE_DECL_STRTOK_R='1'
HAVE_INTTYPES_H='1'
HAVE_LONG_LONG_INT='1'
HAVE_MBSLEN='0'
HAVE_MEMCHR='1'
HAVE_MEMPCPY='1'
HAVE_POSIX_SIGNALBLOCKING='1'
HAVE_RAWMEMCHR='1'
HAVE_SIGACTION='1'
HAVE_SIGHANDLER_T='1'
HAVE_SIGINFO_T='1'
HAVE_SIGNED_SIG_ATOMIC_T=''
HAVE_SIGNED_WCHAR_T=''
HAVE_SIGNED_WINT_T=''
HAVE_SIGSET_T='1'
HAVE_STDINT_H='1'
HAVE_STPCPY='1'
HAVE_STPNCPY='1'
HAVE_STRCASESTR='1'
HAVE_STRCHRNUL='1'
HAVE_STRPBRK='1'
HAVE_STRSEP='1'
HAVE_STRUCT_SIGACTION_SA_SIGACTION='1'
HAVE_STRVERSCMP='1'
HAVE_SYS_BITYPES_H=''
HAVE_SYS_INTTYPES_H=''
HAVE_SYS_TYPES_H='1'
HAVE_TYPE_VOLATILE_SIG_ATOMIC_T='1'
HAVE_UNSIGNED_LONG_LONG_INT='1'
HAVE_WCHAR_H='1'
HAVE_WCHAR_T='1'
HAVE_WINDOWS_FALSE=''
HAVE_WINDOWS_TRUE='#'
HAVE_x86_64_FALSE='#'
HAVE_x86_64_TRUE=''
INCLUDE_NEXT='include_next'
INCLUDE_NEXT_AS_FIRST_DIRECTIVE='include_next'
INSTALL_DATA='${INSTALL} -m 644'
INSTALL_PROGRAM='${INSTALL}'
INSTALL_SCRIPT='${INSTALL}'
INSTALL_STRIP_PROGRAM='$(install_sh) -c -s'
JANSSON_LIBS='compat/jansson-2.5/src/.libs/libjansson.a'
LD='/usr/bin/ld -m elf_x86_64'
LDFLAGS=''
LIBCURL_CFLAGS=' '
LIBCURL_LIBS='-lcurl  '
LIBGNU_LIBDEPS=''
LIBGNU_LTLIBDEPS=''
LIBOBJS=''
LIBS='-lpthread '
LIBTOOL='$(SHELL) $(top_builddir)/libtool'
LIBUSB_CFLAGS=''
LIBUSB_LIBS=''
LIPO=''
LN_S='ln -s'
LTLIBOBJS=''
MAINT='#'
MAINTAINER_MODE_FALSE=''
MAINTAINER_MODE_TRUE='#'
MAKEINFO='${SHELL} /home/synthase/Desktop/synminer-gpu/missing --run makeinfo'
MANIFEST_TOOL=':'
MATH_LIBS='-lm'
MKDIR_P='/bin/mkdir -p'
MM_LIBS=''
NCURSES_LIBS=''
NEED_FPGAUTILS_FALSE=''
NEED_FPGAUTILS_TRUE='#'
NEXT_AS_FIRST_DIRECTIVE_SIGNAL_H='<signal.h>'
NEXT_AS_FIRST_DIRECTIVE_STDDEF_H=''
NEXT_AS_FIRST_DIRECTIVE_STDINT_H='<stdint.h>'
NEXT_AS_FIRST_DIRECTIVE_STRING_H='<string.h>'
NEXT_SIGNAL_H='<signal.h>'
NEXT_STDDEF_H=''
NEXT_STDINT_H='<stdint.h>'
NEXT_STRING_H='<string.h>'
NM='/usr/bin/nm -B'
NMEDIT=''
OBJDUMP='objdump'
OBJEXT='o'
OPENCL_FLAGS='-I/opt/AMDAPP/include '
OPENCL_LIBS='-L/opt/AMDAPP/lib/x86_64 -lOpenCL'
OTOOL64=''
OTOOL=''
PACKAGE='synminer'
PACKAGE_BUGREPORT=''
PACKAGE_NAME='synminer'
PACKAGE_STRING='synminer 0.5.4pre2'
PACKAGE_TARNAME='synminer'
PACKAGE_URL=''
PACKAGE_VERSION='0.5.4pre2'
PATH_SEPARATOR=':'
PDCURSES_LIBS=''
PKG_CONFIG='/usr/bin/pkg-config'
PKG_CONFIG_LIBDIR=''
PKG_CONFIG_PATH=''
PRAGMA_COLUMNS=''
PRAGMA_SYSTEM_HEADER='#pragma GCC system_header'
PTHREAD_FLAGS='-lpthread'
PTHREAD_LIBS='-lpthread'
PTRDIFF_T_SUFFIX=''
RANLIB='ranlib'
REPLACE_MEMCHR='0'
REPLACE_MEMMEM='0'
REPLACE_NULL='0'
REPLACE_STPNCPY='0'
REPLACE_STRCASESTR='0'
REPLACE_STRCHRNUL='0'
REPLACE_STRDUP='0'
REPLACE_STRERROR='0'
REPLACE_STRERROR_R='0'
REPLACE_STRNCAT='0'
REPLACE_STRNDUP='0'
REPLACE_STRNLEN='0'
REPLACE_STRSIGNAL='0'
REPLACE_STRSTR='0'
REPLACE_STRTOK_R='0'
RT_LIBS='-lrt'
SED='/bin/sed'
SET_MAKE=''
SHELL='/bin/bash'
SIG_ATOMIC_T_SUFFIX=''
SIZE_T_SUFFIX=''
STDDEF_H=''
STDINT_H=''
STRIP='strip'
UNDEFINE_STRTOK_R='0'
VERSION='0.5.4pre2'
VMAJ='0'
WANT_STATIC_LIBUSB_FALSE=''
WANT_STATIC_LIBUSB_TRUE='#'
WANT_USBUTILS_FALSE=''
WANT_USBUTILS_TRUE='#'
WCHAR_T_SUFFIX=''
WINT_T_SUFFIX=''
WS2_LIBS=''
ac_ct_AR='ar'
ac_ct_CC='gcc'
ac_ct_DUMPBIN=''
am__EXEEXT_FALSE=''
am__EXEEXT_TRUE='#'
am__fastdepCC_FALSE='#'
am__fastdepCC_TRUE=''
am__include='include'
am__isrc=''
am__leading_dot='.'
am__nodep='_no'
am__quote=''
am__tar='$${TAR-tar} chof - "$$tardir"'
am__untar='$${TAR-tar} xf -'
bindir='${exec_prefix}/bin'
build='x86_64-unknown-linux-gnu'
build_alias=''
build_cpu='x86_64'
build_os='linux-gnu'
build_vendor='unknown'
datadir='${datarootdir}'
datarootdir='${prefix}/share'
docdir='${datarootdir}/doc/${PACKAGE_TARNAME}'
dvidir='${docdir}'
exec_prefix='${prefix}'
gl_LIBOBJS=''
gl_LTLIBOBJS=''
gltests_LIBOBJS=''
gltests_LTLIBOBJS=''
gltests_WITNESS='IN_SYNMINER_GNULIB_TESTS'
host='x86_64-unknown-linux-gnu'
host_alias=''
host_cpu='x86_64'
host_os='linux-gnu'
host_vendor='unknown'
htmldir='${docdir}'
includedir='${prefix}/include'
infodir='${datarootdir}/info'
install_sh='${SHELL} /home/synthase/Desktop/synminer-gpu/install-sh'
libdir='${exec_prefix}/lib'
libexecdir='${exec_prefix}/libexec'
localedir='${datarootdir}/locale'
localstatedir='${prefix}/var'
mandir='${datarootdir}/man'
mkdir_p='/bin/mkdir -p'
oldincludedir='/usr/include'
pdfdir='${docdir}'
prefix='/usr/local'
program_transform_name='s,x,x,'
psdir='${docdir}'
release_info=''
sbindir='${exec_prefix}/sbin'
sharedstatedir='${prefix}/com'
subdirs=' compat/jansson-2.5'
sysconfdir='${prefix}/etc'
target='x86_64-unknown-linux-gnu'
target_alias=''
target_cpu='x86_64'
target_os='linux-gnu'
target_vendor='unknown'
version_info='5:4pre2:5'

## ----------- ##
## confdefs.h. ##
## ----------- ##

/* confdefs.h */
#define PACKAGE_NAME "synminer"
#define PACKAGE_TARNAME "synminer"
#define PACKAGE_VERSION "0.5.4pre2"
#define PACKAGE_STRING "synminer 0.5.4pre2"
#define PACKAGE_BUGREPORT ""
#define PACKAGE_URL ""
#define PACKAGE "synminer"
#define VERSION "0.5.4pre2"
#define STDC_HEADERS 1
#define HAVE_SYS_TYPES_H 1
#define HAVE_SYS_STAT_H 1
#define HAVE_STDLIB_H 1
#define HAVE_STRING_H 1
#define HAVE_MEMORY_H 1
#define HAVE_STRINGS_H 1
#define HAVE_INTTYPES_H 1
#define HAVE_STDINT_H 1
#define HAVE_UNISTD_H 1
#define __EXTENSIONS__ 1
#define _ALL_SOURCE 1
#define _GNU_SOURCE 1
#define _POSIX_PTHREAD_SEMANTICS 1
#define _TANDEM_SOURCE 1
#define CGMINER_MAJOR_VERSION 0
#define CGMINER_MINOR_VERSION 5
#define CGMINER_MINOR_SUBVERSION 4pre2
#define HAVE_DLFCN_H 1
#define LT_OBJDIR ".libs/"
#define HAVE_SYS_MMAN_H 1
#define HAVE_WCHAR_H 1
#define HAVE_STDINT_H 1
#define HAVE_MPROTECT 1
#define HAVE_SIGACTION 1
#define HAVE_SIGALTSTACK 1
#define HAVE_SIGINTERRUPT 1
#define HAVE_MAP_ANONYMOUS 1
#define HAVE_DECL_MEMMEM 1
#define HAVE_MEMMEM 1
#define restrict __restrict
#define HAVE_WCHAR_T 1
#define HAVE_UNSIGNED_LONG_LONG_INT 1
#define HAVE_LONG_LONG_INT 1
#define HAVE_RAW_DECL_MEMMEM 1
#define HAVE_RAW_DECL_MEMPCPY 1
#define HAVE_RAW_DECL_MEMRCHR 1
#define HAVE_RAW_DECL_RAWMEMCHR 1
#define HAVE_RAW_DECL_STPCPY 1
#define HAVE_RAW_DECL_STPNCPY 1
#define HAVE_RAW_DECL_STRCHRNUL 1
#define HAVE_RAW_DECL_STRDUP 1
#define HAVE_RAW_DECL_STRNCAT 1
#define HAVE_RAW_DECL_STRNDUP 1
#define HAVE_RAW_DECL_STRNLEN 1
#define HAVE_RAW_DECL_STRPBRK 1
#define HAVE_RAW_DECL_STRSEP 1
#define HAVE_RAW_DECL_STRCASESTR 1
#define HAVE_RAW_DECL_STRTOK_R 1
#define HAVE_RAW_DECL_STRERROR_R 1
#define HAVE_RAW_DECL_STRSIGNAL 1
#define HAVE_RAW_DECL_STRVERSCMP 1
#define GNULIB_TEST_MEMCHR 1
#define HAVE_MEMMEM 1
#define GNULIB_TEST_MEMMEM 1
#define HAVE_STRUCT_SIGACTION_SA_SIGACTION 1
#define GNULIB_TEST_SIGACTION 1
#define HAVE_RAW_DECL_SIGACTION 1
#define HAVE_RAW_DECL_SIGADDSET 1
#define HAVE_RAW_DECL_SIGDELSET 1
#define HAVE_RAW_DECL_SIGEMPTYSET 1
#define HAVE_RAW_DECL_SIGFILLSET 1
#define HAVE_RAW_DECL_SIGISMEMBER 1
#define HAVE_RAW_DECL_SIGPENDING 1
#define HAVE_RAW_DECL_SIGPROCMASK 1
#define GNULIB_TEST_SIGPROCMASK 1
#define STDC_HEADERS 1
#define HAVE_SYSLOG_H 1
#define HAVE_ALLOCA_H 1
#define HAVE_ALLOCA 1
#define HAVE_OPENCL 1
#define HAVE_LIBPTHREAD 1
#define HAVE_ADL 1
#define USE_SCRYPT 1
#define HAVE_LIBCURL 1
#define EXECV_2ND_ARG_TYPE char* const*
#define HAVE_ATTRIBUTE_COLD 1
#define HAVE_ATTRIBUTE_CONST 1
#define HAVE_ATTRIBUTE_NORETURN 1
#define HAVE_ATTRIBUTE_PRINTF 1
#define HAVE_ATTRIBUTE_UNUSED 1
#define HAVE_ATTRIBUTE_USED 1
#define HAVE_BUILTIN_CONSTANT_P 1
#define HAVE_BUILTIN_TYPES_COMPATIBLE_P 1
#define HAVE_WARN_UNUSED_RESULT 1
#define CGMINER_PREFIX "/usr/local/bin"
#define PHATK_KERNNAME "phatk121016"
#define POCLBM_KERNNAME "poclbm130302"
#define DIAKGCN_KERNNAME "diakgcn121016"
#define DIABLO_KERNNAME "diablo130302"
#define SCRYPT_KERNNAME "scrypt140202"

configure: exit 0
